[entrypoint] paper=hfh_font backend=lab_server
[entrypoint] manifest_root=D:\Char\ayueh\paper_reimpl\data_snapshot\splits
[entrypoint] device=cuda:1 dry_run=False synthetic=True
[hfh_font] device=cuda:1 dry_run=False synthetic=True
[hfh_font] model built: 25.38M params, cfg=ModelConfig(image_size=128, in_channels=1, content_channels=3, latent_channels=4, vae_down_factor=8, base_channels=64, channel_mult=(1, 2, 4), num_res_blocks=2, attention_resolutions=(4, 2), d_ctx=256, n_heads=4, char_vocab_size=4096, writer_vocab_size=32, script_vocab_size=5, n_refs=4, components_per_ref=4, dropout=0.1, diffusion_timesteps=1000, diffusion_target='x0', sr_enabled=False, sr_scale=2)
[hfh_font] step=0 {'loss': 0.23536571860313416, 'l_simple': 0.23536571860313416}
[hfh_font] step=1 {'loss': 0.22933609783649445, 'l_simple': 0.22933609783649445}
[hfh_font] step=2 {'loss': 0.2142796814441681, 'l_simple': 0.2142796814441681}
[hfh_font] step=3 {'loss': 0.20127041637897491, 'l_simple': 0.20127041637897491}
[hfh_font] step=4 {'loss': 0.19487275183200836, 'l_simple': 0.19487275183200836}
[hfh_font] step=5 {'loss': 0.18113085627555847, 'l_simple': 0.18113085627555847}
[hfh_font] step=6 {'loss': 0.16518107056617737, 'l_simple': 0.16518107056617737}
[hfh_font] step=7 {'loss': 0.15198028087615967, 'l_simple': 0.15198028087615967}
[hfh_font] step=8 {'loss': 0.13774806261062622, 'l_simple': 0.13774806261062622}
[hfh_font] step=9 {'loss': 0.12316609919071198, 'l_simple': 0.12316609919071198}
[hfh_font] step=10 {'loss': 0.11793218553066254, 'l_simple': 0.11793218553066254}
[hfh_font] step=11 {'loss': 0.10965318977832794, 'l_simple': 0.10965318977832794}
[hfh_font] step=12 {'loss': 0.09328515082597733, 'l_simple': 0.09328515082597733}
[hfh_font] step=13 {'loss': 0.08600170910358429, 'l_simple': 0.08600170910358429}
[hfh_font] step=14 {'loss': 0.0760689377784729, 'l_simple': 0.0760689377784729}
[hfh_font] step=15 {'loss': 0.0723918154835701, 'l_simple': 0.0723918154835701}
[hfh_font] step=16 {'loss': 0.06419598311185837, 'l_simple': 0.06419598311185837}
[hfh_font] step=17 {'loss': 0.060127824544906616, 'l_simple': 0.060127824544906616}
[hfh_font] step=18 {'loss': 0.05815272033214569, 'l_simple': 0.05815272033214569}
[hfh_font] step=19 {'loss': 0.057690370827913284, 'l_simple': 0.057690370827913284}
[hfh_font] step=20 {'loss': 0.05851307511329651, 'l_simple': 0.05851307511329651}
[hfh_font] step=21 {'loss': 0.059029802680015564, 'l_simple': 0.059029802680015564}
[hfh_font] step=22 {'loss': 0.0620509535074234, 'l_simple': 0.0620509535074234}
[hfh_font] step=23 {'loss': 0.061376024037599564, 'l_simple': 0.061376024037599564}
[hfh_font] step=24 {'loss': 0.06089221313595772, 'l_simple': 0.06089221313595772}
[hfh_font] step=25 {'loss': 0.05833185091614723, 'l_simple': 0.05833185091614723}
[hfh_font] step=26 {'loss': 0.05654209852218628, 'l_simple': 0.05654209852218628}
[hfh_font] step=27 {'loss': 0.0568137988448143, 'l_simple': 0.0568137988448143}
[hfh_font] step=28 {'loss': 0.05609527975320816, 'l_simple': 0.05609527975320816}
[hfh_font] step=29 {'loss': 0.057011887431144714, 'l_simple': 0.057011887431144714}
[hfh_font] step=30 {'loss': 0.05721943825483322, 'l_simple': 0.05721943825483322}
[hfh_font] step=31 {'loss': 0.05655794218182564, 'l_simple': 0.05655794218182564}
[hfh_font] step=32 {'loss': 0.057007044553756714, 'l_simple': 0.057007044553756714}
[hfh_font] step=33 {'loss': 0.0530022457242012, 'l_simple': 0.0530022457242012}
[hfh_font] step=34 {'loss': 0.05528269708156586, 'l_simple': 0.05528269708156586}
[hfh_font] step=35 {'loss': 0.052601587027311325, 'l_simple': 0.052601587027311325}
[hfh_font] step=36 {'loss': 0.055764488875865936, 'l_simple': 0.055764488875865936}
[hfh_font] step=37 {'loss': 0.05307799577713013, 'l_simple': 0.05307799577713013}
[hfh_font] step=38 {'loss': 0.05471555143594742, 'l_simple': 0.05471555143594742}
[hfh_font] step=39 {'loss': 0.053996723145246506, 'l_simple': 0.053996723145246506}
[hfh_font] step=40 {'loss': 0.05178217589855194, 'l_simple': 0.05178217589855194}
[hfh_font] step=41 {'loss': 0.05374225974082947, 'l_simple': 0.05374225974082947}
[hfh_font] step=42 {'loss': 0.05367843061685562, 'l_simple': 0.05367843061685562}
[hfh_font] step=43 {'loss': 0.057111553847789764, 'l_simple': 0.057111553847789764}
[hfh_font] step=44 {'loss': 0.05101722478866577, 'l_simple': 0.05101722478866577}
[hfh_font] step=45 {'loss': 0.05661590397357941, 'l_simple': 0.05661590397357941}
[hfh_font] step=46 {'loss': 0.0520656518638134, 'l_simple': 0.0520656518638134}
[hfh_font] step=47 {'loss': 0.05446535721421242, 'l_simple': 0.05446535721421242}
[hfh_font] step=48 {'loss': 0.05338536575436592, 'l_simple': 0.05338536575436592}
[hfh_font] step=49 {'loss': 0.05079813674092293, 'l_simple': 0.05079813674092293}
[hfh_font] step=50 {'loss': 0.05345594137907028, 'l_simple': 0.05345594137907028}
[hfh_font] step=51 {'loss': 0.052570562809705734, 'l_simple': 0.052570562809705734}
[hfh_font] step=52 {'loss': 0.0548938512802124, 'l_simple': 0.0548938512802124}
[hfh_font] step=53 {'loss': 0.05047326534986496, 'l_simple': 0.05047326534986496}
[hfh_font] step=54 {'loss': 0.0531579852104187, 'l_simple': 0.0531579852104187}
[hfh_font] step=55 {'loss': 0.05100639909505844, 'l_simple': 0.05100639909505844}
[hfh_font] step=56 {'loss': 0.05115818604826927, 'l_simple': 0.05115818604826927}
[hfh_font] step=57 {'loss': 0.05394595116376877, 'l_simple': 0.05394595116376877}
[hfh_font] step=58 {'loss': 0.051821496337652206, 'l_simple': 0.051821496337652206}
[hfh_font] step=59 {'loss': 0.052355747669935226, 'l_simple': 0.052355747669935226}
[hfh_font] step=60 {'loss': 0.051077935844659805, 'l_simple': 0.051077935844659805}
[hfh_font] step=61 {'loss': 0.05122221261262894, 'l_simple': 0.05122221261262894}
[hfh_font] step=62 {'loss': 0.053047485649585724, 'l_simple': 0.053047485649585724}
[hfh_font] step=63 {'loss': 0.051185399293899536, 'l_simple': 0.051185399293899536}
[hfh_font] step=64 {'loss': 0.05317036807537079, 'l_simple': 0.05317036807537079}
[hfh_font] step=65 {'loss': 0.05185553431510925, 'l_simple': 0.05185553431510925}
[hfh_font] step=66 {'loss': 0.05261024832725525, 'l_simple': 0.05261024832725525}
[hfh_font] step=67 {'loss': 0.05042256787419319, 'l_simple': 0.05042256787419319}
[hfh_font] step=68 {'loss': 0.050609759986400604, 'l_simple': 0.050609759986400604}
[hfh_font] step=69 {'loss': 0.05269463360309601, 'l_simple': 0.05269463360309601}
[hfh_font] step=70 {'loss': 0.04869353026151657, 'l_simple': 0.04869353026151657}
[hfh_font] step=71 {'loss': 0.05167175829410553, 'l_simple': 0.05167175829410553}
[hfh_font] step=72 {'loss': 0.05463216453790665, 'l_simple': 0.05463216453790665}
[hfh_font] step=73 {'loss': 0.048541951924562454, 'l_simple': 0.048541951924562454}
[hfh_font] step=74 {'loss': 0.0485684908926487, 'l_simple': 0.0485684908926487}
[hfh_font] step=75 {'loss': 0.048956919461488724, 'l_simple': 0.048956919461488724}
[hfh_font] step=76 {'loss': 0.05052860826253891, 'l_simple': 0.05052860826253891}
[hfh_font] step=77 {'loss': 0.04882163554430008, 'l_simple': 0.04882163554430008}
[hfh_font] step=78 {'loss': 0.04924582317471504, 'l_simple': 0.04924582317471504}
[hfh_font] step=79 {'loss': 0.04715985804796219, 'l_simple': 0.04715985804796219}
[hfh_font] step=80 {'loss': 0.04928410425782204, 'l_simple': 0.04928410425782204}
[hfh_font] step=81 {'loss': 0.05113562196493149, 'l_simple': 0.05113562196493149}
[hfh_font] step=82 {'loss': 0.048862848430871964, 'l_simple': 0.048862848430871964}
[hfh_font] step=83 {'loss': 0.05023803561925888, 'l_simple': 0.05023803561925888}
[hfh_font] step=84 {'loss': 0.05135153979063034, 'l_simple': 0.05135153979063034}
[hfh_font] step=85 {'loss': 0.04791021719574928, 'l_simple': 0.04791021719574928}
[hfh_font] step=86 {'loss': 0.05138619616627693, 'l_simple': 0.05138619616627693}
[hfh_font] step=87 {'loss': 0.04737281799316406, 'l_simple': 0.04737281799316406}
[hfh_font] step=88 {'loss': 0.0503464937210083, 'l_simple': 0.0503464937210083}
[hfh_font] step=89 {'loss': 0.04794755578041077, 'l_simple': 0.04794755578041077}
[hfh_font] step=90 {'loss': 0.04724067449569702, 'l_simple': 0.04724067449569702}
[hfh_font] step=91 {'loss': 0.04853280633687973, 'l_simple': 0.04853280633687973}
[hfh_font] step=92 {'loss': 0.047403689473867416, 'l_simple': 0.047403689473867416}
[hfh_font] step=93 {'loss': 0.049875468015670776, 'l_simple': 0.049875468015670776}
[hfh_font] step=94 {'loss': 0.04840013384819031, 'l_simple': 0.04840013384819031}
[hfh_font] step=95 {'loss': 0.0480738990008831, 'l_simple': 0.0480738990008831}
[hfh_font] step=96 {'loss': 0.04897315800189972, 'l_simple': 0.04897315800189972}
[hfh_font] step=97 {'loss': 0.049904849380254745, 'l_simple': 0.049904849380254745}
[hfh_font] step=98 {'loss': 0.04863230139017105, 'l_simple': 0.04863230139017105}
[hfh_font] step=99 {'loss': 0.04936959594488144, 'l_simple': 0.04936959594488144}
[hfh_font] step=100 {'loss': 0.04562437906861305, 'l_simple': 0.04562437906861305}
[hfh_font] step=101 {'loss': 0.046516742557287216, 'l_simple': 0.046516742557287216}
[hfh_font] step=102 {'loss': 0.04688633605837822, 'l_simple': 0.04688633605837822}
[hfh_font] step=103 {'loss': 0.04739080369472504, 'l_simple': 0.04739080369472504}
[hfh_font] step=104 {'loss': 0.044330988079309464, 'l_simple': 0.044330988079309464}
[hfh_font] step=105 {'loss': 0.04590070992708206, 'l_simple': 0.04590070992708206}
[hfh_font] step=106 {'loss': 0.04659806191921234, 'l_simple': 0.04659806191921234}
[hfh_font] step=107 {'loss': 0.04620976001024246, 'l_simple': 0.04620976001024246}
[hfh_font] step=108 {'loss': 0.046343885362148285, 'l_simple': 0.046343885362148285}
[hfh_font] step=109 {'loss': 0.047721978276968, 'l_simple': 0.047721978276968}
[hfh_font] step=110 {'loss': 0.045182522386312485, 'l_simple': 0.045182522386312485}
[hfh_font] step=111 {'loss': 0.04492202401161194, 'l_simple': 0.04492202401161194}
[hfh_font] step=112 {'loss': 0.04620284587144852, 'l_simple': 0.04620284587144852}
[hfh_font] step=113 {'loss': 0.04575815051794052, 'l_simple': 0.04575815051794052}
[hfh_font] step=114 {'loss': 0.04636339843273163, 'l_simple': 0.04636339843273163}
[hfh_font] step=115 {'loss': 0.045948393642902374, 'l_simple': 0.045948393642902374}
[hfh_font] step=116 {'loss': 0.04464121535420418, 'l_simple': 0.04464121535420418}
[hfh_font] step=117 {'loss': 0.04595883563160896, 'l_simple': 0.04595883563160896}
[hfh_font] step=118 {'loss': 0.04664674028754234, 'l_simple': 0.04664674028754234}
[hfh_font] step=119 {'loss': 0.045713283121585846, 'l_simple': 0.045713283121585846}
[hfh_font] step=120 {'loss': 0.04803150147199631, 'l_simple': 0.04803150147199631}
[hfh_font] step=121 {'loss': 0.04669411480426788, 'l_simple': 0.04669411480426788}
[hfh_font] step=122 {'loss': 0.04542902857065201, 'l_simple': 0.04542902857065201}
[hfh_font] step=123 {'loss': 0.04396313801407814, 'l_simple': 0.04396313801407814}
[hfh_font] step=124 {'loss': 0.044178616255521774, 'l_simple': 0.044178616255521774}
[hfh_font] step=125 {'loss': 0.045817069709300995, 'l_simple': 0.045817069709300995}
[hfh_font] step=126 {'loss': 0.04733487591147423, 'l_simple': 0.04733487591147423}
[hfh_font] step=127 {'loss': 0.04690154269337654, 'l_simple': 0.04690154269337654}
[hfh_font] step=128 {'loss': 0.04301437735557556, 'l_simple': 0.04301437735557556}
[hfh_font] step=129 {'loss': 0.04247461259365082, 'l_simple': 0.04247461259365082}
[hfh_font] step=130 {'loss': 0.0448450967669487, 'l_simple': 0.0448450967669487}
[hfh_font] step=131 {'loss': 0.04503806680440903, 'l_simple': 0.04503806680440903}
[hfh_font] step=132 {'loss': 0.044939905405044556, 'l_simple': 0.044939905405044556}
[hfh_font] step=133 {'loss': 0.04439130425453186, 'l_simple': 0.04439130425453186}
[hfh_font] step=134 {'loss': 0.04376798868179321, 'l_simple': 0.04376798868179321}
[hfh_font] step=135 {'loss': 0.04550296813249588, 'l_simple': 0.04550296813249588}
[hfh_font] step=136 {'loss': 0.042790696024894714, 'l_simple': 0.042790696024894714}
[hfh_font] step=137 {'loss': 0.045151203870773315, 'l_simple': 0.045151203870773315}
[hfh_font] step=138 {'loss': 0.043505385518074036, 'l_simple': 0.043505385518074036}
[hfh_font] step=139 {'loss': 0.04248065873980522, 'l_simple': 0.04248065873980522}
[hfh_font] step=140 {'loss': 0.042203959077596664, 'l_simple': 0.042203959077596664}
[hfh_font] step=141 {'loss': 0.04164953529834747, 'l_simple': 0.04164953529834747}
[hfh_font] step=142 {'loss': 0.043071433901786804, 'l_simple': 0.043071433901786804}
[hfh_font] step=143 {'loss': 0.04396694898605347, 'l_simple': 0.04396694898605347}
[hfh_font] step=144 {'loss': 0.0445246696472168, 'l_simple': 0.0445246696472168}
[hfh_font] step=145 {'loss': 0.04532438889145851, 'l_simple': 0.04532438889145851}
[hfh_font] step=146 {'loss': 0.04258501157164574, 'l_simple': 0.04258501157164574}
[hfh_font] step=147 {'loss': 0.04202592372894287, 'l_simple': 0.04202592372894287}
[hfh_font] step=148 {'loss': 0.04335656762123108, 'l_simple': 0.04335656762123108}
[hfh_font] step=149 {'loss': 0.04102323204278946, 'l_simple': 0.04102323204278946}
[hfh_font] step=150 {'loss': 0.0410166010260582, 'l_simple': 0.0410166010260582}
[hfh_font] step=151 {'loss': 0.04195239767432213, 'l_simple': 0.04195239767432213}
[hfh_font] step=152 {'loss': 0.04168400168418884, 'l_simple': 0.04168400168418884}
[hfh_font] step=153 {'loss': 0.04100196063518524, 'l_simple': 0.04100196063518524}
[hfh_font] step=154 {'loss': 0.040569137781858444, 'l_simple': 0.040569137781858444}
[hfh_font] step=155 {'loss': 0.04159631207585335, 'l_simple': 0.04159631207585335}
[hfh_font] step=156 {'loss': 0.04344362020492554, 'l_simple': 0.04344362020492554}
[hfh_font] step=157 {'loss': 0.04210503026843071, 'l_simple': 0.04210503026843071}
[hfh_font] step=158 {'loss': 0.04220757260918617, 'l_simple': 0.04220757260918617}
[hfh_font] step=159 {'loss': 0.04016584903001785, 'l_simple': 0.04016584903001785}
[hfh_font] step=160 {'loss': 0.04118998721241951, 'l_simple': 0.04118998721241951}
[hfh_font] step=161 {'loss': 0.04247691482305527, 'l_simple': 0.04247691482305527}
[hfh_font] step=162 {'loss': 0.04135835915803909, 'l_simple': 0.04135835915803909}
[hfh_font] step=163 {'loss': 0.045180145651102066, 'l_simple': 0.045180145651102066}
[hfh_font] step=164 {'loss': 0.04072791337966919, 'l_simple': 0.04072791337966919}
[hfh_font] step=165 {'loss': 0.04089964181184769, 'l_simple': 0.04089964181184769}
[hfh_font] step=166 {'loss': 0.04295111447572708, 'l_simple': 0.04295111447572708}
[hfh_font] step=167 {'loss': 0.04188092052936554, 'l_simple': 0.04188092052936554}
[hfh_font] step=168 {'loss': 0.040160827338695526, 'l_simple': 0.040160827338695526}
[hfh_font] step=169 {'loss': 0.042556360363960266, 'l_simple': 0.042556360363960266}
[hfh_font] step=170 {'loss': 0.039964668452739716, 'l_simple': 0.039964668452739716}
[hfh_font] step=171 {'loss': 0.04370440915226936, 'l_simple': 0.04370440915226936}
[hfh_font] step=172 {'loss': 0.040860265493392944, 'l_simple': 0.040860265493392944}
[hfh_font] step=173 {'loss': 0.040485646575689316, 'l_simple': 0.040485646575689316}
[hfh_font] step=174 {'loss': 0.04109133034944534, 'l_simple': 0.04109133034944534}
[hfh_font] step=175 {'loss': 0.04125972464680672, 'l_simple': 0.04125972464680672}
[hfh_font] step=176 {'loss': 0.04158272594213486, 'l_simple': 0.04158272594213486}
[hfh_font] step=177 {'loss': 0.04109339416027069, 'l_simple': 0.04109339416027069}
[hfh_font] step=178 {'loss': 0.04097741097211838, 'l_simple': 0.04097741097211838}
[hfh_font] step=179 {'loss': 0.042835578322410583, 'l_simple': 0.042835578322410583}
[hfh_font] step=180 {'loss': 0.04058359935879707, 'l_simple': 0.04058359935879707}
[hfh_font] step=181 {'loss': 0.03966398164629936, 'l_simple': 0.03966398164629936}
[hfh_font] step=182 {'loss': 0.040321625769138336, 'l_simple': 0.040321625769138336}
[hfh_font] step=183 {'loss': 0.03922569379210472, 'l_simple': 0.03922569379210472}
[hfh_font] step=184 {'loss': 0.03917846083641052, 'l_simple': 0.03917846083641052}
[hfh_font] step=185 {'loss': 0.03797595202922821, 'l_simple': 0.03797595202922821}
[hfh_font] step=186 {'loss': 0.04122007638216019, 'l_simple': 0.04122007638216019}
[hfh_font] step=187 {'loss': 0.039776161313056946, 'l_simple': 0.039776161313056946}
[hfh_font] step=188 {'loss': 0.040937602519989014, 'l_simple': 0.040937602519989014}
[hfh_font] step=189 {'loss': 0.03977254033088684, 'l_simple': 0.03977254033088684}
[hfh_font] step=190 {'loss': 0.04150399938225746, 'l_simple': 0.04150399938225746}
[hfh_font] step=191 {'loss': 0.04097567871212959, 'l_simple': 0.04097567871212959}
[hfh_font] step=192 {'loss': 0.040150463581085205, 'l_simple': 0.040150463581085205}
[hfh_font] step=193 {'loss': 0.04114658012986183, 'l_simple': 0.04114658012986183}
[hfh_font] step=194 {'loss': 0.041982851922512054, 'l_simple': 0.041982851922512054}
[hfh_font] step=195 {'loss': 0.0422687828540802, 'l_simple': 0.0422687828540802}
[hfh_font] step=196 {'loss': 0.040629543364048004, 'l_simple': 0.040629543364048004}
[hfh_font] step=197 {'loss': 0.037800733000040054, 'l_simple': 0.037800733000040054}
[hfh_font] step=198 {'loss': 0.0401751734316349, 'l_simple': 0.0401751734316349}
[hfh_font] step=199 {'loss': 0.03921029344201088, 'l_simple': 0.03921029344201088}
